<?xml version="1.0" encoding="UTF-8"?>
<!-- Generated by org.testng.reporters.JUnitXMLReporter -->
<testsuite hostname="DESKTOP-OD2T78D" name="Default test" tests="4" failures="0" timestamp="16 May 2019 13:41:17 GMT" time="0.054" errors="0">
  <testcase name="homePageHeaderTest" time="0.013" classname="WebdriverBasic.WebdriverBasic.TestNGa"/>
  <testcase name="homePageUserInfoTest" time="0.001" classname="WebdriverBasic.WebdriverBasic.TestNGa"/>
  <testcase name="homePageTitleTest" time="0.003" classname="WebdriverBasic.WebdriverBasic.TestNGa"/>
  <testcase name="homePageSearchTest" time="0.001" classname="WebdriverBasic.WebdriverBasic.TestNGa"/>
</testsuite> <!-- Default test -->
